INFO:     Will watch for changes in these directories: ['/Users/montegardiner/Documents/pdfsearch']
INFO:     Uvicorn running on http://0.0.0.0:8000 (Press CTRL+C to quit)
INFO:     Started reloader process [7933] using StatReload
INFO:     Started server process [7980]
INFO:     Waiting for application startup.
INFO:     Application startup complete.
Impersonate 'chrome_129' does not exist, using 'random'
INFO:     127.0.0.1:57160 - "GET /api/search?query=react+docs&num_results=10&min_pages=0 HTTP/1.1" 200 OK
WARNING:  StatReload detected changes in 'test_async_head.py'. Reloading...
INFO:     Shutting down
INFO:     Waiting for application shutdown.
INFO:     Application shutdown complete.
INFO:     Finished server process [7980]
INFO:     Started server process [8326]
INFO:     Waiting for application startup.
INFO:     Application startup complete.
Impersonate 'chrome_114' does not exist, using 'random'
INFO:     127.0.0.1:57196 - "GET /api/search?query=react+docs&num_results=10&min_pages=0 HTTP/1.1" 200 OK
WARNING:  StatReload detected changes in 'api.py'. Reloading...
INFO:     Shutting down
INFO:     Waiting for application shutdown.
INFO:     Application shutdown complete.
INFO:     Finished server process [8326]
INFO:     Started server process [8636]
INFO:     Waiting for application startup.
INFO:     Application startup complete.
Impersonate 'chrome_118' does not exist, using 'random'
DEBUG: Found 10 raw links
DEBUG: Validated 9 links
DEBUG: Filtered 9 links
INFO:     127.0.0.1:57214 - "GET /api/search?query=react+docs&num_results=10&min_pages=0 HTTP/1.1" 200 OK
WARNING:  StatReload detected changes in 'api.py'. Reloading...
INFO:     Shutting down
INFO:     Waiting for application shutdown.
INFO:     Application shutdown complete.
INFO:     Finished server process [8636]
INFO:     Started server process [8814]
INFO:     Waiting for application startup.
INFO:     Application startup complete.
INFO:     127.0.0.1:57246 - "GET /api/v1/courses?per_page=2 HTTP/1.1" 404 Not Found
Impersonate 'safari_18' does not exist, using 'random'
INFO:     127.0.0.1:57251 - "GET /api/search?query=Harry+Potter&num_results=20&min_pages=20 HTTP/1.1" 200 OK
INFO:     127.0.0.1:57273 - "GET /api/search?query=Harry+Potter&num_results=50&min_pages=20 HTTP/1.1" 200 OK
INFO:     127.0.0.1:57311 - "GET /api/search?query=Machine+learning&num_results=50&min_pages=20 HTTP/1.1" 200 OK
